{
  "RSpec": {
    "coverage": {
      "/home/felipe/cloneTrabalho/app/helpers/application_helper.rb": [
        1,
        null
      ],
      "/home/felipe/cloneTrabalho/app/helpers/pages_helper.rb": [
        1,
        null
      ],
      "/home/felipe/cloneTrabalho/app/controllers/pages_controller.rb": [
        1,
        1,
        null,
        null
      ],
      "/home/felipe/cloneTrabalho/app/controllers/application_controller.rb": [
        1,
        1,
        null
      ],
      "/home/felipe/cloneTrabalho/app/models/application_record.rb": [
        0,
        0,
        0
      ],
      "/home/felipe/cloneTrabalho/app/mailers/application_mailer.rb": [
        0,
        0,
        0,
        0
      ],
      "/home/felipe/cloneTrabalho/app/jobs/application_job.rb": [
        0,
        0
      ],
      "/home/felipe/cloneTrabalho/app/channels/application_cable/channel.rb": [
        0,
        0,
        0,
        0
      ],
      "/home/felipe/cloneTrabalho/app/channels/application_cable/connection.rb": [
        0,
        0,
        0,
        0
      ]
    },
    "timestamp": 1503785589
  },
  "Cucumber Features": {
    "coverage": {
      "/home/felipe/cloneTrabalho/app/models/application_record.rb": [
        0,
        0,
        0
      ],
      "/home/felipe/cloneTrabalho/app/mailers/application_mailer.rb": [
        0,
        0,
        0,
        0
      ],
      "/home/felipe/cloneTrabalho/app/jobs/application_job.rb": [
        0,
        0
      ],
      "/home/felipe/cloneTrabalho/app/helpers/application_helper.rb": [
        0,
        0
      ],
      "/home/felipe/cloneTrabalho/app/helpers/pages_helper.rb": [
        0,
        0
      ],
      "/home/felipe/cloneTrabalho/app/controllers/pages_controller.rb": [
        0,
        0,
        0,
        0
      ],
      "/home/felipe/cloneTrabalho/app/controllers/application_controller.rb": [
        0,
        0,
        0
      ],
      "/home/felipe/cloneTrabalho/app/channels/application_cable/channel.rb": [
        0,
        0,
        0,
        0
      ],
      "/home/felipe/cloneTrabalho/app/channels/application_cable/connection.rb": [
        0,
        0,
        0,
        0
      ]
    },
    "timestamp": 1503785634
  }
}
